<?xml version="1.0" encoding="UTF-8" ?>
<testsuites name="vitest tests" tests="2" failures="2" errors="0" time="0">
    <testsuite name="src/pages/Login.test.jsx" timestamp="2025-08-09T21:49:31.788Z" hostname="Sonits-MacBook-Pro.local" tests="1" failures="1" errors="0" skipped="0" time="0">
        <testcase classname="src/pages/Login.test.jsx" name="src/pages/Login.test.jsx" time="0">
            <failure message="Cannot find module &apos;/Users/sonitambashta/Desktop/PYTHON/RockPebbleStoneSite/frontend/src/setupTests.js&apos;" type="Error">
Error: Cannot find module &apos;/Users/sonitambashta/Desktop/PYTHON/RockPebbleStoneSite/frontend/src/setupTests.js&apos;
⎯⎯⎯⎯⎯⎯⎯⎯⎯⎯⎯⎯⎯⎯⎯⎯⎯⎯⎯⎯⎯⎯⎯⎯⎯⎯⎯⎯⎯⎯⎯⎯⎯⎯⎯⎯⎯⎯⎯⎯⎯⎯⎯⎯⎯⎯⎯⎯⎯⎯⎯⎯⎯⎯⎯⎯⎯⎯⎯⎯⎯⎯⎯⎯⎯⎯⎯⎯⎯⎯⎯⎯⎯⎯⎯⎯⎯⎯⎯⎯⎯⎯⎯⎯⎯⎯⎯⎯⎯⎯⎯⎯⎯⎯⎯⎯⎯
Serialized Error: { code: &apos;ERR_MODULE_NOT_FOUND&apos; }
Caused by: Caused by: Error: Failed to load url /Users/sonitambashta/Desktop/PYTHON/RockPebbleStoneSite/frontend/src/setupTests.js (resolved id: /Users/sonitambashta/Desktop/PYTHON/RockPebbleStoneSite/frontend/src/setupTests.js). Does the file exist?
 ❯ loadAndTransform node_modules/vite/dist/node/chunks/dep-BHkUv4Z8.js:26444:33
            </failure>
        </testcase>
    </testsuite>
    <testsuite name="src/pages/Register.test.jsx" timestamp="2025-08-09T21:49:31.789Z" hostname="Sonits-MacBook-Pro.local" tests="1" failures="1" errors="0" skipped="0" time="0">
        <testcase classname="src/pages/Register.test.jsx" name="src/pages/Register.test.jsx" time="0">
            <failure message="Cannot find module &apos;/Users/sonitambashta/Desktop/PYTHON/RockPebbleStoneSite/frontend/src/setupTests.js&apos;" type="Error">
Error: Cannot find module &apos;/Users/sonitambashta/Desktop/PYTHON/RockPebbleStoneSite/frontend/src/setupTests.js&apos;
⎯⎯⎯⎯⎯⎯⎯⎯⎯⎯⎯⎯⎯⎯⎯⎯⎯⎯⎯⎯⎯⎯⎯⎯⎯⎯⎯⎯⎯⎯⎯⎯⎯⎯⎯⎯⎯⎯⎯⎯⎯⎯⎯⎯⎯⎯⎯⎯⎯⎯⎯⎯⎯⎯⎯⎯⎯⎯⎯⎯⎯⎯⎯⎯⎯⎯⎯⎯⎯⎯⎯⎯⎯⎯⎯⎯⎯⎯⎯⎯⎯⎯⎯⎯⎯⎯⎯⎯⎯⎯⎯⎯⎯⎯⎯⎯⎯
Serialized Error: { code: &apos;ERR_MODULE_NOT_FOUND&apos; }
Caused by: Error: Failed to load url /Users/sonitambashta/Desktop/PYTHON/RockPebbleStoneSite/frontend/src/setupTests.js (resolved id: /Users/sonitambashta/Desktop/PYTHON/RockPebbleStoneSite/frontend/src/setupTests.js). Does the file exist?
 ❯ loadAndTransform node_modules/vite/dist/node/chunks/dep-BHkUv4Z8.js:26444:33
            </failure>
        </testcase>
    </testsuite>
</testsuites>
